[2026-03-09 16:40:16 UTC] Uploading: post_20260309_145738_slot3.mp4 (37.1 MB)
[2026-03-09 16:40:16 UTC] Using Cloudinary
[2026-03-09 16:40:16 UTC] Uploading to Cloudinary: capital-engine/20260309/post_20260309_145738_slot3
[2026-03-09 16:40:16 UTC] Cloudinary upload success: https://res.cloudinary.com/dy9wycfej/video/upload/v1773074419/capital-engine/20260309/post_20260309_145738_slot3.mp4
[2026-03-09 16:42:05 UTC] Uploading: post_20260309_145738_slot3_v4.mp4 (55.1 MB)
[2026-03-09 16:42:05 UTC] Using Cloudinary
[2026-03-09 16:42:05 UTC] Uploading to Cloudinary: capital-engine/20260309/post_20260309_145738_slot3_v4
[2026-03-09 16:42:05 UTC] Cloudinary upload success: https://res.cloudinary.com/dy9wycfej/video/upload/v1773074528/capital-engine/20260309/post_20260309_145738_slot3_v4.mp4
[2026-03-09 18:48:58 UTC] Uploading: post_20260309_183944_slot5.mp4 (48.2 MB)
[2026-03-09 18:48:58 UTC] Using Cloudinary
[2026-03-09 18:48:58 UTC] Uploading to Cloudinary: capital-engine/20260309/post_20260309_183944_slot5
[2026-03-09 18:48:58 UTC] Cloudinary upload success: https://res.cloudinary.com/dy9wycfej/video/upload/v1773082142/capital-engine/20260309/post_20260309_183944_slot5.mp4
[2026-03-10 08:00:01 UTC] Uploading: post_20260310_012313_slot1.mp4 (10.5 MB)
[2026-03-10 08:00:01 UTC] Using Cloudinary
[2026-03-10 08:00:01 UTC] Uploading to Cloudinary: capital-engine/20260310/post_20260310_012313_slot1
[2026-03-10 08:00:01 UTC] Cloudinary upload success: https://res.cloudinary.com/dy9wycfej/video/upload/v1773129603/capital-engine/20260310/post_20260310_012313_slot1.mp4
[2026-03-10 10:53:09 UTC] Uploading: post_20260310_012313_slot1.mp4 (10.5 MB)
[2026-03-10 10:53:09 UTC] Using Cloudinary
[2026-03-10 10:53:09 UTC] Uploading to Cloudinary: capital-engine/20260310/post_20260310_012313_slot1
[2026-03-10 10:53:09 UTC] Cloudinary upload success: https://res.cloudinary.com/dy9wycfej/video/upload/v1773129603/capital-engine/20260310/post_20260310_012313_slot1.mp4
[2026-03-10 12:48:08 UTC] Uploading: post_20260310_124239_slot2.mp4 (16.3 MB)
[2026-03-10 12:48:08 UTC] Using Cloudinary
[2026-03-10 12:48:08 UTC] Uploading to Cloudinary: capital-engine/20260310/post_20260310_124239_slot2
[2026-03-10 12:48:08 UTC] Cloudinary upload success: https://res.cloudinary.com/dy9wycfej/video/upload/v1773146890/capital-engine/20260310/post_20260310_124239_slot2.mp4
[2026-03-10 19:08:33 UTC] Uploading: post_20260310_190229_slot5.mp4 (17.5 MB)
[2026-03-10 19:08:33 UTC] Using Cloudinary
[2026-03-10 19:08:33 UTC] Uploading to Cloudinary: capital-engine/20260310/post_20260310_190229_slot5
[2026-03-10 19:08:33 UTC] Cloudinary upload success: https://res.cloudinary.com/dy9wycfej/video/upload/v1773169715/capital-engine/20260310/post_20260310_190229_slot5.mp4
[2026-03-11 07:07:44 UTC] Uploading: post_20260311_070239_slot1.mp4 (15.9 MB)
[2026-03-11 07:07:44 UTC] Using Cloudinary
[2026-03-11 07:07:44 UTC] Uploading to Cloudinary: capital-engine/20260311/post_20260311_070239_slot1
[2026-03-11 07:07:44 UTC] Cloudinary upload success: https://res.cloudinary.com/dy9wycfej/video/upload/v1773212866/capital-engine/20260311/post_20260311_070239_slot1.mp4
[2026-03-11 10:07:46 UTC] Uploading: post_20260311_100236_slot2.mp4 (15.6 MB)
[2026-03-11 10:07:46 UTC] Using Cloudinary
[2026-03-11 10:07:46 UTC] Uploading to Cloudinary: capital-engine/20260311/post_20260311_100236_slot2
[2026-03-11 10:07:46 UTC] Cloudinary upload success: https://res.cloudinary.com/dy9wycfej/video/upload/v1773223668/capital-engine/20260311/post_20260311_100236_slot2.mp4
[2026-03-11 13:07:58 UTC] Uploading: post_20260311_130223_slot3.mp4 (13.8 MB)
[2026-03-11 13:07:58 UTC] Using Cloudinary
[2026-03-11 13:07:58 UTC] Uploading to Cloudinary: capital-engine/20260311/post_20260311_130223_slot3
[2026-03-11 13:07:58 UTC] Cloudinary upload success: https://res.cloudinary.com/dy9wycfej/video/upload/v1773234480/capital-engine/20260311/post_20260311_130223_slot3.mp4
[2026-03-11 19:04:35 UTC] Uploading: post_20260311_190232_slot5.mp4 (2.2 MB)
[2026-03-11 19:04:35 UTC] Using Cloudinary
[2026-03-11 19:04:35 UTC] Uploading to Cloudinary: capital-engine/20260311/post_20260311_190232_slot5
[2026-03-11 19:04:35 UTC] Cloudinary upload success: https://res.cloudinary.com/dy9wycfej/video/upload/v1773255877/capital-engine/20260311/post_20260311_190232_slot5.mp4
[2026-03-14 08:11:19 UTC] Uploading: post_20260314_080718_slot1.mp4 (13.8 MB)
[2026-03-14 08:11:19 UTC] Using Cloudinary
[2026-03-14 08:13:04 UTC] Uploading: post_20260314_080718_slot1.mp4 (13.8 MB)
[2026-03-14 08:13:04 UTC] No cloud storage credentials found — using gofile.io fallback
[2026-03-14 08:13:04 UTC] For production: add CLOUDFLARE_R2_* or CLOUDINARY_* vars to .env
[2026-03-14 08:13:04 UTC] Uploading to gofile.io (fallback)...
[2026-03-14 08:13:04 UTC] gofile upload OK — download page: https://gofile.io/d/fYw6nd
[2026-03-14 08:13:04 UTC] WARNING: gofile direct URLs require auth — Buffer may not access this video.
[2026-03-14 08:13:04 UTC] Set up Cloudflare R2 or Cloudinary for production-grade video hosting.
[2026-03-14 08:14:32 UTC] Uploading: post_20260314_080718_slot1.mp4 (13.8 MB)
[2026-03-14 08:14:32 UTC] Using Cloudinary
[2026-03-14 08:14:32 UTC] Uploading to Cloudinary: capital-engine/20260314/post_20260314_080718_slot1
[2026-03-14 08:14:32 UTC] Cloudinary upload success: https://res.cloudinary.com/dy9wycfej/video/upload/v1773476074/capital-engine/20260314/post_20260314_080718_slot1.mp4
[2026-03-14 08:15:09 UTC] Uploading: post_20260314_080718_slot1.mp4 (13.8 MB)
[2026-03-14 08:15:09 UTC] Using Cloudinary
[2026-03-14 08:15:35 UTC] Uploading: post_20260314_080718_slot1.mp4 (13.8 MB)
[2026-03-14 08:15:35 UTC] Using Cloudinary
[2026-03-14 08:15:35 UTC] Uploading to Cloudinary: capital-engine/20260314/post_20260314_080718_slot1
[2026-03-14 08:15:35 UTC] Cloudinary upload success: https://res.cloudinary.com/dy9wycfej/video/upload/v1773476074/capital-engine/20260314/post_20260314_080718_slot1.mp4
[2026-03-14 08:19:06 UTC] Uploading: post_20260314_080718_slot1.mp4 (13.8 MB)
[2026-03-14 08:19:06 UTC] Using Cloudinary
[2026-03-14 08:19:15 UTC] Uploading: post_20260314_080718_slot1.mp4 (13.8 MB)
[2026-03-14 08:19:15 UTC] No cloud storage credentials found — using gofile.io fallback
[2026-03-14 08:19:15 UTC] For production: add CLOUDFLARE_R2_* or CLOUDINARY_* vars to .env
[2026-03-14 08:19:15 UTC] Uploading to gofile.io (fallback)...
[2026-03-14 08:19:15 UTC] gofile upload OK — download page: https://gofile.io/d/UlBdP0
[2026-03-14 08:19:15 UTC] WARNING: gofile direct URLs require auth — Buffer may not access this video.
[2026-03-14 08:19:15 UTC] Set up Cloudflare R2 or Cloudinary for production-grade video hosting.
[2026-03-14 08:19:44 UTC] Uploading: post_20260314_080718_slot1.mp4 (13.8 MB)
[2026-03-14 08:19:44 UTC] Using Cloudinary
[2026-03-14 08:19:51 UTC] Uploading: post_20260314_080718_slot1.mp4 (13.8 MB)
[2026-03-14 08:19:51 UTC] Using Cloudinary
[2026-03-14 08:19:51 UTC] Uploading to Cloudinary: capital-engine/20260314/post_20260314_080718_slot1
[2026-03-14 08:19:51 UTC] Cloudinary upload success: https://res.cloudinary.com/dy9wycfej/video/upload/v1773476074/capital-engine/20260314/post_20260314_080718_slot1.mp4
[2026-03-14 08:20:02 UTC] Uploading: post_20260314_080718_slot1.mp4 (13.8 MB)
[2026-03-14 08:20:02 UTC] Using Cloudinary
[2026-03-14 08:20:02 UTC] Uploading to Cloudinary: capital-engine/20260314/post_20260314_080718_slot1
[2026-03-14 08:20:02 UTC] Cloudinary upload success: https://res.cloudinary.com/dy9wycfej/video/upload/v1773476074/capital-engine/20260314/post_20260314_080718_slot1.mp4
[2026-03-14 08:35:35 UTC] Uploading: post_20260314_083034_slot2.mp4 (15.3 MB)
[2026-03-14 08:35:35 UTC] Using Cloudinary
[2026-03-14 08:35:35 UTC] Uploading to Cloudinary: capital-engine/20260314/post_20260314_083034_slot2
[2026-03-14 08:35:35 UTC] Cloudinary upload success: https://res.cloudinary.com/dy9wycfej/video/upload/v1773477338/capital-engine/20260314/post_20260314_083034_slot2.mp4
[2026-03-15 16:32:42 UTC] Uploading: post_20260315_162815_slot5.mp4 (13.4 MB)
[2026-03-15 16:32:42 UTC] Using Cloudinary
[2026-03-15 16:32:42 UTC] Uploading to Cloudinary: capital-engine/20260315/post_20260315_162815_slot5
[2026-03-15 16:32:42 UTC] Cloudinary upload success: https://res.cloudinary.com/dy9wycfej/video/upload/v1773592364/capital-engine/20260315/post_20260315_162815_slot5.mp4
[2026-03-16 06:04:06 UTC] Uploading: post_20260316_060037_slot1.mp4 (9.9 MB)
[2026-03-16 06:04:06 UTC] Using Cloudinary
[2026-03-16 06:04:06 UTC] Uploading to Cloudinary: capital-engine/20260316/post_20260316_060037_slot1
[2026-03-16 06:04:06 UTC] Cloudinary upload success: https://res.cloudinary.com/dy9wycfej/video/upload/v1773641048/capital-engine/20260316/post_20260316_060037_slot1.mp4
[2026-03-17 06:04:07 UTC] Uploading: post_20260317_060035_slot1.mp4 (9.9 MB)
[2026-03-17 06:04:07 UTC] Using Cloudinary
[2026-03-17 06:04:07 UTC] Uploading to Cloudinary: capital-engine/20260317/post_20260317_060035_slot1
[2026-03-17 06:04:07 UTC] Cloudinary upload success: https://res.cloudinary.com/dy9wycfej/video/upload/v1773727449/capital-engine/20260317/post_20260317_060035_slot1.mp4
[2026-03-17 08:37:59 UTC] Uploading: post_20260317_083239_slot2.mp4 (18.0 MB)
[2026-03-17 08:37:59 UTC] Using Cloudinary
[2026-03-17 08:37:59 UTC] Uploading to Cloudinary: capital-engine/20260317/post_20260317_083239_slot2
[2026-03-17 08:37:59 UTC] Cloudinary upload success: https://res.cloudinary.com/dy9wycfej/video/upload/v1773736681/capital-engine/20260317/post_20260317_083239_slot2.mp4
[2026-03-17 11:07:19 UTC] Uploading: post_20260317_110300_slot3.mp4 (18.5 MB)
[2026-03-17 11:07:19 UTC] Using Cloudinary
[2026-03-17 11:07:19 UTC] Uploading to Cloudinary: capital-engine/20260317/post_20260317_110300_slot3
[2026-03-17 11:07:19 UTC] Cloudinary upload success: https://res.cloudinary.com/dy9wycfej/video/upload/v1773745640/capital-engine/20260317/post_20260317_110300_slot3.mp4
[2026-03-17 13:36:38 UTC] Uploading: post_20260317_133233_slot4.mp4 (11.4 MB)
[2026-03-17 13:36:38 UTC] Using Cloudinary
[2026-03-17 13:36:38 UTC] Uploading to Cloudinary: capital-engine/20260317/post_20260317_133233_slot4
[2026-03-17 13:36:38 UTC] Cloudinary upload success: https://res.cloudinary.com/dy9wycfej/video/upload/v1773754600/capital-engine/20260317/post_20260317_133233_slot4.mp4
[2026-03-17 16:07:59 UTC] Uploading: post_20260317_160307_slot5.mp4 (12.7 MB)
[2026-03-17 16:07:59 UTC] Using Cloudinary
[2026-03-17 16:07:59 UTC] Uploading to Cloudinary: capital-engine/20260317/post_20260317_160307_slot5
[2026-03-17 16:07:59 UTC] Cloudinary upload success: https://res.cloudinary.com/dy9wycfej/video/upload/v1773763681/capital-engine/20260317/post_20260317_160307_slot5.mp4
[2026-03-18 06:03:54 UTC] Uploading: post_20260318_060003_slot1.mp4 (19.4 MB)
[2026-03-18 06:03:54 UTC] Using Cloudinary
[2026-03-18 06:03:54 UTC] Uploading to Cloudinary: capital-engine/20260318/post_20260318_060003_slot1
[2026-03-18 06:03:54 UTC] Cloudinary upload success: https://res.cloudinary.com/dy9wycfej/video/upload/v1773813837/capital-engine/20260318/post_20260318_060003_slot1.mp4
[2026-03-18 08:35:43 UTC] Uploading: post_20260318_083202_slot2.mp4 (17.5 MB)
[2026-03-18 08:35:43 UTC] Using Cloudinary
[2026-03-18 08:35:43 UTC] Uploading to Cloudinary: capital-engine/20260318/post_20260318_083202_slot2
[2026-03-18 08:35:43 UTC] Cloudinary upload success: https://res.cloudinary.com/dy9wycfej/video/upload/v1773822945/capital-engine/20260318/post_20260318_083202_slot2.mp4
[2026-03-18 13:39:15 UTC] Uploading: post_20260318_133534_slot4.mp4 (11.3 MB)
[2026-03-18 13:39:15 UTC] Using Cloudinary
[2026-03-18 13:39:15 UTC] Uploading to Cloudinary: capital-engine/20260318/post_20260318_133534_slot4
[2026-03-18 13:39:15 UTC] Cloudinary upload success: https://res.cloudinary.com/dy9wycfej/video/upload/v1773841157/capital-engine/20260318/post_20260318_133534_slot4.mp4
[2026-03-18 16:06:25 UTC] Uploading: post_20260318_160207_slot5.mp4 (10.1 MB)
[2026-03-18 16:06:25 UTC] Using Cloudinary
[2026-03-18 16:06:25 UTC] Uploading to Cloudinary: capital-engine/20260318/post_20260318_160207_slot5
[2026-03-18 16:06:25 UTC] Cloudinary upload success: https://res.cloudinary.com/dy9wycfej/video/upload/v1773849989/capital-engine/20260318/post_20260318_160207_slot5.mp4
[2026-03-19 06:03:20 UTC] Uploading: post_20260319_060003_slot1.mp4 (13.4 MB)
[2026-03-19 06:03:20 UTC] Using Cloudinary
[2026-03-19 06:03:20 UTC] Uploading to Cloudinary: capital-engine/20260319/post_20260319_060003_slot1
[2026-03-19 06:03:20 UTC] Cloudinary upload success: https://res.cloudinary.com/dy9wycfej/video/upload/v1773900201/capital-engine/20260319/post_20260319_060003_slot1.mp4
[2026-03-19 08:35:18 UTC] Uploading: post_20260319_083200_slot2.mp4 (10.4 MB)
[2026-03-19 08:35:18 UTC] Using Cloudinary
[2026-03-19 08:35:18 UTC] Uploading to Cloudinary: capital-engine/20260319/post_20260319_083200_slot2
[2026-03-19 08:35:18 UTC] Cloudinary upload success: https://res.cloudinary.com/dy9wycfej/video/upload/v1773909319/capital-engine/20260319/post_20260319_083200_slot2.mp4
[2026-03-19 11:06:18 UTC] Uploading: post_20260319_110233_slot3.mp4 (14.8 MB)
[2026-03-19 11:06:18 UTC] Using Cloudinary
[2026-03-19 11:06:18 UTC] Uploading to Cloudinary: capital-engine/20260319/post_20260319_110233_slot3
[2026-03-19 11:06:18 UTC] Cloudinary upload success: https://res.cloudinary.com/dy9wycfej/video/upload/v1773918380/capital-engine/20260319/post_20260319_110233_slot3.mp4
[2026-03-19 13:38:29 UTC] Uploading: post_20260319_133159_slot4.mp4 (20.5 MB)
[2026-03-19 13:38:29 UTC] Using Cloudinary
[2026-03-19 13:38:29 UTC] Uploading to Cloudinary: capital-engine/20260319/post_20260319_133159_slot4
[2026-03-19 13:38:29 UTC] Cloudinary upload success: https://res.cloudinary.com/dy9wycfej/video/upload/v1773927512/capital-engine/20260319/post_20260319_133159_slot4.mp4
[2026-03-19 16:06:20 UTC] Uploading: post_20260319_160214_slot5.mp4 (17.2 MB)
[2026-03-19 16:06:20 UTC] Using Cloudinary
[2026-03-19 16:06:20 UTC] Uploading to Cloudinary: capital-engine/20260319/post_20260319_160214_slot5
[2026-03-19 16:06:20 UTC] Cloudinary upload success: https://res.cloudinary.com/dy9wycfej/video/upload/v1773936382/capital-engine/20260319/post_20260319_160214_slot5.mp4
[2026-03-20 11:06:19 UTC] Uploading: post_20260320_110246_slot3.mp4 (17.9 MB)
[2026-03-20 11:06:19 UTC] Using Cloudinary
[2026-03-20 11:06:19 UTC] Uploading to Cloudinary: capital-engine/20260320/post_20260320_110246_slot3
[2026-03-20 11:06:19 UTC] Cloudinary upload success: https://res.cloudinary.com/dy9wycfej/video/upload/v1774004781/capital-engine/20260320/post_20260320_110246_slot3.mp4
[2026-03-21 16:05:29 UTC] Uploading: post_20260321_160115_slot5.mp4 (22.7 MB)
[2026-03-21 16:05:29 UTC] Using Cloudinary
[2026-03-21 16:05:29 UTC] Uploading to Cloudinary: capital-engine/20260321/post_20260321_160115_slot5
[2026-03-21 16:05:29 UTC] Cloudinary upload success: https://res.cloudinary.com/dy9wycfej/video/upload/v1774109131/capital-engine/20260321/post_20260321_160115_slot5.mp4
[2026-03-22 14:32:27 UTC] Uploading: post_20260322_143029_slot1.mp4 (41.3 MB)
[2026-03-22 14:32:27 UTC] Using Cloudinary
[2026-03-22 14:32:27 UTC] Uploading to Cloudinary: capital-engine/20260322/post_20260322_143029_slot1
[2026-03-22 14:32:27 UTC] Cloudinary upload success: https://res.cloudinary.com/dy9wycfej/video/upload/v1774189950/capital-engine/20260322/post_20260322_143029_slot1.mp4
[2026-03-22 14:34:18 UTC] Uploading: post_20260322_143253_slot1.mp4 (45.6 MB)
[2026-03-22 14:34:18 UTC] Using Cloudinary
[2026-03-22 14:34:18 UTC] Uploading to Cloudinary: capital-engine/20260322/post_20260322_143253_slot1
[2026-03-22 14:34:18 UTC] Cloudinary upload success: https://res.cloudinary.com/dy9wycfej/video/upload/v1774190062/capital-engine/20260322/post_20260322_143253_slot1.mp4
[2026-03-22 14:36:54 UTC] Uploading: post_20260322_143500_slot1.mp4 (49.3 MB)
[2026-03-22 14:36:54 UTC] Using Cloudinary
[2026-03-22 14:36:54 UTC] Uploading to Cloudinary: capital-engine/20260322/post_20260322_143500_slot1
[2026-03-22 14:36:54 UTC] Cloudinary upload success: https://res.cloudinary.com/dy9wycfej/video/upload/v1774190217/capital-engine/20260322/post_20260322_143500_slot1.mp4
[2026-03-22 14:38:56 UTC] Uploading: post_20260322_143704_slot2.mp4 (49.5 MB)
[2026-03-22 14:38:56 UTC] Using Cloudinary
[2026-03-22 14:38:56 UTC] Uploading to Cloudinary: capital-engine/20260322/post_20260322_143704_slot2
[2026-03-22 14:38:56 UTC] Cloudinary upload success: https://res.cloudinary.com/dy9wycfej/video/upload/v1774190340/capital-engine/20260322/post_20260322_143704_slot2.mp4
[2026-03-22 14:40:08 UTC] Uploading: post_20260322_143908_slot3.mp4 (38.6 MB)
[2026-03-22 14:40:08 UTC] Using Cloudinary
[2026-03-22 14:40:08 UTC] Uploading to Cloudinary: capital-engine/20260322/post_20260322_143908_slot3
[2026-03-22 14:40:08 UTC] Cloudinary upload success: https://res.cloudinary.com/dy9wycfej/video/upload/v1774190410/capital-engine/20260322/post_20260322_143908_slot3.mp4
[2026-03-22 14:43:37 UTC] Uploading: post_20260322_144018_slot4.mp4 (22.0 MB)
[2026-03-22 14:43:37 UTC] Using Cloudinary
[2026-03-22 14:43:37 UTC] Uploading to Cloudinary: capital-engine/20260322/post_20260322_144018_slot4
[2026-03-22 14:43:37 UTC] Cloudinary upload success: https://res.cloudinary.com/dy9wycfej/video/upload/v1774190620/capital-engine/20260322/post_20260322_144018_slot4.mp4
[2026-03-22 14:49:55 UTC] Uploading: post_20260322_144348_slot5.mp4 (13.3 MB)
[2026-03-22 14:49:55 UTC] Using Cloudinary
[2026-03-22 14:49:55 UTC] Uploading to Cloudinary: capital-engine/20260322/post_20260322_144348_slot5
[2026-03-22 14:49:55 UTC] Cloudinary upload success: https://res.cloudinary.com/dy9wycfej/video/upload/v1774190997/capital-engine/20260322/post_20260322_144348_slot5.mp4
[2026-03-22 14:53:45 UTC] Uploading: post_20260322_145004_slot6.mp4 (18.1 MB)
[2026-03-22 14:53:45 UTC] Using Cloudinary
[2026-03-22 14:53:45 UTC] Uploading to Cloudinary: capital-engine/20260322/post_20260322_145004_slot6
[2026-03-22 14:53:45 UTC] Cloudinary upload success: https://res.cloudinary.com/dy9wycfej/video/upload/v1774191228/capital-engine/20260322/post_20260322_145004_slot6.mp4
[2026-03-22 16:02:48 UTC] Uploading: post_20260322_160120_slot5.mp4 (28.7 MB)
[2026-03-22 16:02:48 UTC] Using Cloudinary
[2026-03-22 16:02:48 UTC] Uploading to Cloudinary: capital-engine/20260322/post_20260322_160120_slot5
[2026-03-22 16:02:48 UTC] Cloudinary upload success: https://res.cloudinary.com/dy9wycfej/video/upload/v1774195370/capital-engine/20260322/post_20260322_160120_slot5.mp4
[2026-03-22 16:02:58 UTC] Uploading: post_20260322_160120_slot5.mp4 (28.7 MB)
[2026-03-22 16:02:58 UTC] Using Cloudinary
[2026-03-22 16:02:58 UTC] Uploading to Cloudinary: capital-engine/20260322/post_20260322_160120_slot5
[2026-03-22 16:02:58 UTC] Cloudinary upload success: https://res.cloudinary.com/dy9wycfej/video/upload/v1774195370/capital-engine/20260322/post_20260322_160120_slot5.mp4
[2026-03-22 17:34:04 UTC] Uploading: post_20260322_173146_slot1.mp4 (11.7 MB)
[2026-03-22 17:34:04 UTC] Using Cloudinary
[2026-03-22 17:34:04 UTC] Uploading to Cloudinary: capital-engine/20260322/post_20260322_173146_slot1
[2026-03-22 17:34:04 UTC] Cloudinary upload success: https://res.cloudinary.com/dy9wycfej/video/upload/v1774200847/capital-engine/20260322/post_20260322_173146_slot1.mp4
[2026-03-22 17:36:17 UTC] Uploading: post_20260322_173431_slot2.mp4 (23.4 MB)
[2026-03-22 17:36:17 UTC] Using Cloudinary
[2026-03-22 17:36:17 UTC] Uploading to Cloudinary: capital-engine/20260322/post_20260322_173431_slot2
[2026-03-22 17:36:17 UTC] Cloudinary upload success: https://res.cloudinary.com/dy9wycfej/video/upload/v1774200979/capital-engine/20260322/post_20260322_173431_slot2.mp4
[2026-03-22 17:38:14 UTC] Uploading: post_20260322_173643_slot3.mp4 (14.1 MB)
[2026-03-22 17:38:14 UTC] Using Cloudinary
[2026-03-22 17:38:14 UTC] Uploading to Cloudinary: capital-engine/20260322/post_20260322_173643_slot3
[2026-03-22 17:38:14 UTC] Cloudinary upload success: https://res.cloudinary.com/dy9wycfej/video/upload/v1774201097/capital-engine/20260322/post_20260322_173643_slot3.mp4
[2026-03-22 17:39:45 UTC] Uploading: post_20260322_173840_slot4.mp4 (23.9 MB)
[2026-03-22 17:39:45 UTC] Using Cloudinary
[2026-03-22 17:39:45 UTC] Uploading to Cloudinary: capital-engine/20260322/post_20260322_173840_slot4
[2026-03-22 17:39:45 UTC] Cloudinary upload success: https://res.cloudinary.com/dy9wycfej/video/upload/v1774201188/capital-engine/20260322/post_20260322_173840_slot4.mp4
[2026-03-22 17:42:28 UTC] Uploading: post_20260322_173954_slot5.mp4 (34.7 MB)
[2026-03-22 17:42:28 UTC] Using Cloudinary
[2026-03-22 17:42:28 UTC] Uploading to Cloudinary: capital-engine/20260322/post_20260322_173954_slot5
[2026-03-22 17:42:28 UTC] Cloudinary upload success: https://res.cloudinary.com/dy9wycfej/video/upload/v1774201351/capital-engine/20260322/post_20260322_173954_slot5.mp4
[2026-03-22 17:46:16 UTC] Uploading: post_20260322_174311_slot6.mp4 (12.1 MB)
[2026-03-22 17:46:16 UTC] Using Cloudinary
[2026-03-22 17:46:16 UTC] Uploading to Cloudinary: capital-engine/20260322/post_20260322_174311_slot6
[2026-03-22 17:46:16 UTC] Cloudinary upload success: https://res.cloudinary.com/dy9wycfej/video/upload/v1774201578/capital-engine/20260322/post_20260322_174311_slot6.mp4
[2026-03-22 17:50:17 UTC] Uploading: post_20260322_174626_slot7.mp4 (226.3 MB)
[2026-03-22 17:50:17 UTC] Using Cloudinary
[2026-03-22 17:50:17 UTC] Uploading to Cloudinary: capital-engine/20260322/post_20260322_174626_slot7
[2026-03-22 17:53:33 UTC] Uploading: post_20260322_175052_slot8.mp4 (271.9 MB)
[2026-03-22 17:53:33 UTC] Using Cloudinary
[2026-03-22 17:53:33 UTC] Uploading to Cloudinary: capital-engine/20260322/post_20260322_175052_slot8
[2026-03-22 18:33:10 UTC] Uploading: post_20260322_183151_slot6.mp4 (13.0 MB)
[2026-03-22 18:33:10 UTC] Using Cloudinary
[2026-03-22 18:33:10 UTC] Uploading to Cloudinary: capital-engine/20260322/post_20260322_183151_slot6
[2026-03-22 18:33:10 UTC] Cloudinary upload success: https://res.cloudinary.com/dy9wycfej/video/upload/v1774204392/capital-engine/20260322/post_20260322_183151_slot6.mp4
[2026-03-22 21:03:50 UTC] Uploading: post_20260322_210200_slot7.mp4 (21.3 MB)
[2026-03-22 21:03:50 UTC] Using Cloudinary
[2026-03-22 21:03:50 UTC] Uploading to Cloudinary: capital-engine/20260322/post_20260322_210200_slot7
[2026-03-22 21:03:50 UTC] Cloudinary upload success: https://res.cloudinary.com/dy9wycfej/video/upload/v1774213433/capital-engine/20260322/post_20260322_210200_slot7.mp4
[2026-03-23 02:13:45 UTC] Uploading: post_20260323_021132_slot1.mp4 (4.7 MB)
[2026-03-23 02:13:45 UTC] Using Cloudinary
[2026-03-23 02:13:45 UTC] Uploading to Cloudinary: capital-engine/20260323/post_20260323_021132_slot1
[2026-03-23 02:13:45 UTC] Cloudinary upload success: https://res.cloudinary.com/dy9wycfej/video/upload/v1774232026/capital-engine/20260323/post_20260323_021132_slot1.mp4
[2026-03-23 02:14:55 UTC] Uploading: post_20260323_021352_slot2.mp4 (16.7 MB)
[2026-03-23 02:14:55 UTC] Using Cloudinary
[2026-03-23 02:14:55 UTC] Uploading to Cloudinary: capital-engine/20260323/post_20260323_021352_slot2
[2026-03-23 02:14:55 UTC] Cloudinary upload success: https://res.cloudinary.com/dy9wycfej/video/upload/v1774232098/capital-engine/20260323/post_20260323_021352_slot2.mp4
[2026-03-23 02:18:03 UTC] Uploading: post_20260323_021537_slot3.mp4 (26.0 MB)
[2026-03-23 02:18:03 UTC] Using Cloudinary
[2026-03-23 02:18:03 UTC] Uploading to Cloudinary: capital-engine/20260323/post_20260323_021537_slot3
[2026-03-23 02:18:03 UTC] Cloudinary upload success: https://res.cloudinary.com/dy9wycfej/video/upload/v1774232286/capital-engine/20260323/post_20260323_021537_slot3.mp4
[2026-03-23 02:20:18 UTC] Uploading: post_20260323_021815_slot4.mp4 (15.4 MB)
[2026-03-23 02:20:18 UTC] Using Cloudinary
[2026-03-23 02:20:18 UTC] Uploading to Cloudinary: capital-engine/20260323/post_20260323_021815_slot4
[2026-03-23 02:20:18 UTC] Cloudinary upload success: https://res.cloudinary.com/dy9wycfej/video/upload/v1774232420/capital-engine/20260323/post_20260323_021815_slot4.mp4
[2026-03-23 02:22:28 UTC] Uploading: post_20260323_022043_slot5.mp4 (7.0 MB)
[2026-03-23 02:22:28 UTC] Using Cloudinary
[2026-03-23 02:22:28 UTC] Uploading to Cloudinary: capital-engine/20260323/post_20260323_022043_slot5
[2026-03-23 02:22:28 UTC] Cloudinary upload success: https://res.cloudinary.com/dy9wycfej/video/upload/v1774232549/capital-engine/20260323/post_20260323_022043_slot5.mp4
[2026-03-23 02:25:18 UTC] Uploading: post_20260323_022235_slot6.mp4 (12.2 MB)
[2026-03-23 02:25:18 UTC] Using Cloudinary
[2026-03-23 02:25:18 UTC] Uploading to Cloudinary: capital-engine/20260323/post_20260323_022235_slot6
[2026-03-23 02:25:18 UTC] Cloudinary upload success: https://res.cloudinary.com/dy9wycfej/video/upload/v1774232720/capital-engine/20260323/post_20260323_022235_slot6.mp4
[2026-03-23 02:27:51 UTC] Uploading: post_20260323_022526_slot7.mp4 (191.6 MB)
[2026-03-23 02:27:51 UTC] Using Cloudinary
[2026-03-23 02:27:51 UTC] Uploading to Cloudinary: capital-engine/20260323/post_20260323_022526_slot7
[2026-03-23 02:29:15 UTC] Uploading: post_20260323_022840_slot8.mp4 (194.7 MB)
[2026-03-23 02:29:15 UTC] Using Cloudinary
[2026-03-23 02:29:15 UTC] Uploading to Cloudinary: capital-engine/20260323/post_20260323_022840_slot8
[2026-03-23 06:01:34 UTC] Uploading: post_20260323_060037_slot1.mp4 (18.2 MB)
[2026-03-23 06:01:34 UTC] Using Cloudinary
[2026-03-23 06:01:34 UTC] Uploading to Cloudinary: capital-engine/20260323/post_20260323_060037_slot1
[2026-03-23 06:01:34 UTC] Cloudinary upload success: https://res.cloudinary.com/dy9wycfej/video/upload/v1774245696/capital-engine/20260323/post_20260323_060037_slot1.mp4
[2026-03-23 08:32:20 UTC] Uploading: post_20260323_083112_slot2.mp4 (18.1 MB)
[2026-03-23 08:32:20 UTC] Using Cloudinary
[2026-03-23 08:32:20 UTC] Uploading to Cloudinary: capital-engine/20260323/post_20260323_083112_slot2
[2026-03-23 08:32:20 UTC] Cloudinary upload success: https://res.cloudinary.com/dy9wycfej/video/upload/v1774254742/capital-engine/20260323/post_20260323_083112_slot2.mp4
[2026-03-23 11:02:25 UTC] Uploading: post_20260323_110122_slot3.mp4 (13.4 MB)
[2026-03-23 11:02:25 UTC] Using Cloudinary
[2026-03-23 11:02:25 UTC] Uploading to Cloudinary: capital-engine/20260323/post_20260323_110122_slot3
[2026-03-23 11:02:25 UTC] Cloudinary upload success: https://res.cloudinary.com/dy9wycfej/video/upload/v1774263747/capital-engine/20260323/post_20260323_110122_slot3.mp4
[2026-03-23 13:32:36 UTC] Uploading: post_20260323_133110_slot4.mp4 (12.9 MB)
[2026-03-23 13:32:36 UTC] Using Cloudinary
[2026-03-23 13:32:36 UTC] Uploading to Cloudinary: capital-engine/20260323/post_20260323_133110_slot4
[2026-03-23 13:32:36 UTC] Cloudinary upload success: https://res.cloudinary.com/dy9wycfej/video/upload/v1774272758/capital-engine/20260323/post_20260323_133110_slot4.mp4
[2026-03-23 16:02:39 UTC] Uploading: post_20260323_160116_slot5.mp4 (171.9 MB)
[2026-03-23 16:02:39 UTC] Using Cloudinary
[2026-03-23 16:02:39 UTC] Uploading to Cloudinary: capital-engine/20260323/post_20260323_160116_slot5
[2026-03-23 18:32:58 UTC] Uploading: post_20260323_183107_slot6.mp4 (287.7 MB)
[2026-03-23 18:32:58 UTC] Using Cloudinary
[2026-03-23 18:32:58 UTC] Uploading to Cloudinary: capital-engine/20260323/post_20260323_183107_slot6
