[2026-03-22 14:26:10 UTC] [quality_assessor] ============================================================
[2026-03-22 14:26:10 UTC] [quality_assessor] QUALITY ASSESSOR — SLOT 1  (max retries: 3)
[2026-03-22 14:26:10 UTC] [quality_assessor] ============================================================
[2026-03-22 14:26:10 UTC] [quality_assessor] PASS — brief 'creative_brief_20260322_142609_slot1.json' passed all checks
[2026-03-22 14:26:10 UTC] [quality_assessor]   Words:   36
[2026-03-22 14:26:10 UTC] [quality_assessor]   Hook:    Nobody is talking about this: Peter Thiel, the billionaire v
[2026-03-22 14:26:10 UTC] [quality_assessor]   Niche:   Tech / AI Hacks
[2026-03-22 14:26:10 UTC] [quality_assessor] ============================================================
[2026-03-22 14:26:29 UTC] [quality_assessor] ============================================================
[2026-03-22 14:26:29 UTC] [quality_assessor] QUALITY ASSESSOR — SLOT 2  (max retries: 3)
[2026-03-22 14:26:29 UTC] [quality_assessor] ============================================================
[2026-03-22 14:26:29 UTC] [quality_assessor] PASS — brief 'creative_brief_20260322_142612_slot2.json' passed all checks
[2026-03-22 14:26:29 UTC] [quality_assessor]   Words:   34
[2026-03-22 14:26:29 UTC] [quality_assessor]   Hook:    This free AI tool replaces 5 paid apps you are using right n
[2026-03-22 14:26:29 UTC] [quality_assessor]   Niche:   Tech / AI Hacks
[2026-03-22 14:26:29 UTC] [quality_assessor] ============================================================
[2026-03-22 14:26:47 UTC] [quality_assessor] ============================================================
[2026-03-22 14:26:47 UTC] [quality_assessor] QUALITY ASSESSOR — SLOT 3  (max retries: 3)
[2026-03-22 14:26:47 UTC] [quality_assessor] ============================================================
[2026-03-22 14:26:47 UTC] [quality_assessor] PASS — brief 'creative_brief_20260322_142631_slot3.json' passed all checks
[2026-03-22 14:26:47 UTC] [quality_assessor]   Words:   41
[2026-03-22 14:26:47 UTC] [quality_assessor]   Hook:    Nobody is talking about this: Elon Musk to Owe Billions Afte
[2026-03-22 14:26:47 UTC] [quality_assessor]   Niche:   Tech / AI Hacks
[2026-03-22 14:26:47 UTC] [quality_assessor] ============================================================
[2026-03-22 14:27:05 UTC] [quality_assessor] ============================================================
[2026-03-22 14:27:05 UTC] [quality_assessor] QUALITY ASSESSOR — SLOT 4  (max retries: 3)
[2026-03-22 14:27:05 UTC] [quality_assessor] ============================================================
[2026-03-22 14:27:05 UTC] [quality_assessor] PASS — brief 'creative_brief_20260322_142649_slot4.json' passed all checks
[2026-03-22 14:27:05 UTC] [quality_assessor]   Words:   50
[2026-03-22 14:27:05 UTC] [quality_assessor]   Hook:    Nobody is talking about this: Too much self-reflection is li
[2026-03-22 14:27:05 UTC] [quality_assessor]   Niche:   Dark Psychology
[2026-03-22 14:27:05 UTC] [quality_assessor] ============================================================
[2026-03-22 14:27:23 UTC] [quality_assessor] ============================================================
[2026-03-22 14:27:23 UTC] [quality_assessor] QUALITY ASSESSOR — SLOT 5  (max retries: 3)
[2026-03-22 14:27:23 UTC] [quality_assessor] ============================================================
[2026-03-22 14:27:23 UTC] [quality_assessor] PASS — brief 'creative_brief_20260322_142707_slot5.json' passed all checks
[2026-03-22 14:27:23 UTC] [quality_assessor]   Words:   35
[2026-03-22 14:27:23 UTC] [quality_assessor]   Hook:    Nobody is talking about this: Scientists discover a surprisi
[2026-03-22 14:27:23 UTC] [quality_assessor]   Niche:   Dark Psychology
[2026-03-22 14:27:23 UTC] [quality_assessor] ============================================================
[2026-03-22 14:27:42 UTC] [quality_assessor] ============================================================
[2026-03-22 14:27:42 UTC] [quality_assessor] QUALITY ASSESSOR — SLOT 6  (max retries: 3)
[2026-03-22 14:27:42 UTC] [quality_assessor] ============================================================
[2026-03-22 14:27:42 UTC] [quality_assessor] PASS — brief 'creative_brief_20260322_142725_slot6.json' passed all checks
[2026-03-22 14:27:42 UTC] [quality_assessor]   Words:   33
[2026-03-22 14:27:42 UTC] [quality_assessor]   Hook:    The dark psychology trick to make someone obsessed with you.
[2026-03-22 14:27:42 UTC] [quality_assessor]   Niche:   Dark Psychology
[2026-03-22 14:27:42 UTC] [quality_assessor] ============================================================
[2026-03-22 14:28:00 UTC] [quality_assessor] ============================================================
[2026-03-22 14:28:00 UTC] [quality_assessor] QUALITY ASSESSOR — SLOT 7  (max retries: 3)
[2026-03-22 14:28:00 UTC] [quality_assessor] ============================================================
[2026-03-22 14:28:00 UTC] [quality_assessor] PASS — brief 'creative_brief_20260322_142743_slot7.json' passed all checks
[2026-03-22 14:28:00 UTC] [quality_assessor]   Words:   50
[2026-03-22 14:28:00 UTC] [quality_assessor]   Hook:    Nobody is talking about this: Remains of a woman are found b
[2026-03-22 14:28:00 UTC] [quality_assessor]   Niche:   Micro-Mysteries
[2026-03-22 14:28:00 UTC] [quality_assessor] ============================================================
[2026-03-22 14:28:18 UTC] [quality_assessor] ============================================================
[2026-03-22 14:28:18 UTC] [quality_assessor] QUALITY ASSESSOR — SLOT 8  (max retries: 3)
[2026-03-22 14:28:18 UTC] [quality_assessor] ============================================================
[2026-03-22 14:28:18 UTC] [quality_assessor] PASS — brief 'creative_brief_20260322_142801_slot8.json' passed all checks
[2026-03-22 14:28:18 UTC] [quality_assessor]   Words:   38
[2026-03-22 14:28:18 UTC] [quality_assessor]   Hook:    Nobody is talking about this: The unsettling case of Gursimr
[2026-03-22 14:28:18 UTC] [quality_assessor]   Niche:   Micro-Mysteries
[2026-03-22 14:28:18 UTC] [quality_assessor] ============================================================
[2026-03-22 14:34:59 UTC] [quality_assessor] ============================================================
[2026-03-22 14:34:59 UTC] [quality_assessor] QUALITY ASSESSOR — SLOT 1  (max retries: 3)
[2026-03-22 14:34:59 UTC] [quality_assessor] ============================================================
[2026-03-22 14:34:59 UTC] [quality_assessor] PASS — brief 'creative_brief_20260322_143458_slot1.json' passed all checks
[2026-03-22 14:34:59 UTC] [quality_assessor]   Words:   36
[2026-03-22 14:34:59 UTC] [quality_assessor]   Hook:    Nobody is talking about this: Elon Musk to Owe Billions Afte
[2026-03-22 14:34:59 UTC] [quality_assessor]   Niche:   Tech / AI Hacks
[2026-03-22 14:34:59 UTC] [quality_assessor] ============================================================
[2026-03-22 14:37:04 UTC] [quality_assessor] ============================================================
[2026-03-22 14:37:04 UTC] [quality_assessor] QUALITY ASSESSOR — SLOT 2  (max retries: 3)
[2026-03-22 14:37:04 UTC] [quality_assessor] ============================================================
[2026-03-22 14:37:04 UTC] [quality_assessor] PASS — brief 'creative_brief_20260322_143702_slot2.json' passed all checks
[2026-03-22 14:37:04 UTC] [quality_assessor]   Words:   45
[2026-03-22 14:37:04 UTC] [quality_assessor]   Hook:    Nobody is talking about this: Peter Thiel, the billionaire v
[2026-03-22 14:37:04 UTC] [quality_assessor]   Niche:   Tech / AI Hacks
[2026-03-22 14:37:04 UTC] [quality_assessor] ============================================================
[2026-03-22 14:39:08 UTC] [quality_assessor] ============================================================
[2026-03-22 14:39:08 UTC] [quality_assessor] QUALITY ASSESSOR — SLOT 3  (max retries: 3)
[2026-03-22 14:39:08 UTC] [quality_assessor] ============================================================
[2026-03-22 14:39:08 UTC] [quality_assessor] PASS — brief 'creative_brief_20260322_143906_slot3.json' passed all checks
[2026-03-22 14:39:08 UTC] [quality_assessor]   Words:   37
[2026-03-22 14:39:08 UTC] [quality_assessor]   Hook:    How to use AI to automate your entire job and get paid to do
[2026-03-22 14:39:08 UTC] [quality_assessor]   Niche:   Tech / AI Hacks
[2026-03-22 14:39:08 UTC] [quality_assessor] ============================================================
[2026-03-22 14:40:17 UTC] [quality_assessor] ============================================================
[2026-03-22 14:40:17 UTC] [quality_assessor] QUALITY ASSESSOR — SLOT 4  (max retries: 3)
[2026-03-22 14:40:17 UTC] [quality_assessor] ============================================================
[2026-03-22 14:40:17 UTC] [quality_assessor] PASS — brief 'creative_brief_20260322_144016_slot4.json' passed all checks
[2026-03-22 14:40:17 UTC] [quality_assessor]   Words:   49
[2026-03-22 14:40:17 UTC] [quality_assessor]   Hook:    Nobody is talking about this: Behavioral scientists found th
[2026-03-22 14:40:17 UTC] [quality_assessor]   Niche:   Dark Psychology
[2026-03-22 14:40:17 UTC] [quality_assessor] ============================================================
[2026-03-22 14:43:48 UTC] [quality_assessor] ============================================================
[2026-03-22 14:43:48 UTC] [quality_assessor] QUALITY ASSESSOR — SLOT 5  (max retries: 3)
[2026-03-22 14:43:48 UTC] [quality_assessor] ============================================================
[2026-03-22 14:43:48 UTC] [quality_assessor] PASS — brief 'creative_brief_20260322_144346_slot5.json' passed all checks
[2026-03-22 14:43:48 UTC] [quality_assessor]   Words:   34
[2026-03-22 14:43:48 UTC] [quality_assessor]   Hook:    How to win any argument with just three seconds of silence.
[2026-03-22 14:43:48 UTC] [quality_assessor]   Niche:   Dark Psychology
[2026-03-22 14:43:48 UTC] [quality_assessor] ============================================================
[2026-03-22 14:50:04 UTC] [quality_assessor] ============================================================
[2026-03-22 14:50:04 UTC] [quality_assessor] QUALITY ASSESSOR — SLOT 6  (max retries: 3)
[2026-03-22 14:50:04 UTC] [quality_assessor] ============================================================
[2026-03-22 14:50:04 UTC] [quality_assessor] PASS — brief 'creative_brief_20260322_145003_slot6.json' passed all checks
[2026-03-22 14:50:04 UTC] [quality_assessor]   Words:   35
[2026-03-22 14:50:04 UTC] [quality_assessor]   Hook:    How to tell if someone is lying to you just by looking at th
[2026-03-22 14:50:04 UTC] [quality_assessor]   Niche:   Dark Psychology
[2026-03-22 14:50:04 UTC] [quality_assessor] ============================================================
[2026-03-22 14:53:55 UTC] [quality_assessor] ============================================================
[2026-03-22 14:53:55 UTC] [quality_assessor] QUALITY ASSESSOR — SLOT 7  (max retries: 3)
[2026-03-22 14:53:55 UTC] [quality_assessor] ============================================================
[2026-03-22 14:53:55 UTC] [quality_assessor] PASS — brief 'creative_brief_20260322_145353_slot7.json' passed all checks
[2026-03-22 14:53:55 UTC] [quality_assessor]   Words:   46
[2026-03-22 14:53:55 UTC] [quality_assessor]   Hook:    Nobody is talking about this: The unsettling case of Gursimr
[2026-03-22 14:53:55 UTC] [quality_assessor]   Niche:   Micro-Mysteries
[2026-03-22 14:53:55 UTC] [quality_assessor] ============================================================
[2026-03-22 14:58:50 UTC] [quality_assessor] ============================================================
[2026-03-22 14:58:50 UTC] [quality_assessor] QUALITY ASSESSOR — SLOT 7  (max retries: 3)
[2026-03-22 14:58:50 UTC] [quality_assessor] ============================================================
[2026-03-22 14:58:50 UTC] [quality_assessor] PASS — brief 'creative_brief_20260322_145848_slot7.json' passed all checks
[2026-03-22 14:58:50 UTC] [quality_assessor]   Words:   40
[2026-03-22 14:58:50 UTC] [quality_assessor]   Hook:    Nobody is talking about this: West Des Moines Police Have Ma
[2026-03-22 14:58:50 UTC] [quality_assessor]   Niche:   Micro-Mysteries
[2026-03-22 14:58:50 UTC] [quality_assessor] ============================================================
[2026-03-22 17:31:46 UTC] [quality_assessor] ============================================================
[2026-03-22 17:31:46 UTC] [quality_assessor] QUALITY ASSESSOR — SLOT 1  (max retries: 3)
[2026-03-22 17:31:46 UTC] [quality_assessor] ============================================================
[2026-03-22 17:31:46 UTC] [quality_assessor] PASS — brief 'creative_brief_20260322_173135_slot1.json' passed all checks
[2026-03-22 17:31:46 UTC] [quality_assessor]   Words:   40
[2026-03-22 17:31:46 UTC] [quality_assessor]   Hook:    4 websites that feel illegal to know about in 2026.
[2026-03-22 17:31:46 UTC] [quality_assessor]   Niche:   Tech / AI Hacks
[2026-03-22 17:31:46 UTC] [quality_assessor] ============================================================
[2026-03-22 17:34:14 UTC] [quality_assessor] ============================================================
[2026-03-22 17:34:14 UTC] [quality_assessor] QUALITY ASSESSOR — SLOT 2  (max retries: 3)
[2026-03-22 17:34:14 UTC] [quality_assessor] ============================================================
[2026-03-22 17:34:14 UTC] [quality_assessor] FAIL (attempt 1/4): no recognised CTA phrase found
[2026-03-22 17:34:14 UTC] [quality_assessor] Triggering regeneration for slot 2 niche=tech_ai...
[2026-03-22 17:34:14 UTC] [quality_assessor] Regenerating: /Users/kolly/.pyenv/versions/3.12.13/bin/python3 /Users/kolly/HARBINGERHQ/scripts/agents/creative_synthesis.py --slot 2 --niche tech_ai
[2026-03-22 17:34:14 UTC] [quality_assessor] Regeneration succeeded
[2026-03-22 17:34:14 UTC] [quality_assessor] PASS — brief 'creative_brief_20260322_173414_slot2.json' passed all checks
[2026-03-22 17:34:14 UTC] [quality_assessor]   Words:   44
[2026-03-22 17:34:14 UTC] [quality_assessor]   Hook:    4 websites that feel illegal to know about in 2026.
[2026-03-22 17:34:14 UTC] [quality_assessor]   Niche:   Tech / AI Hacks
[2026-03-22 17:34:14 UTC] [quality_assessor] ============================================================
[2026-03-22 17:36:26 UTC] [quality_assessor] ============================================================
[2026-03-22 17:36:26 UTC] [quality_assessor] QUALITY ASSESSOR — SLOT 3  (max retries: 3)
[2026-03-22 17:36:26 UTC] [quality_assessor] ============================================================
[2026-03-22 17:36:26 UTC] [quality_assessor] FAIL (attempt 1/4): no recognised CTA phrase found
[2026-03-22 17:36:26 UTC] [quality_assessor] Triggering regeneration for slot 3 niche=tech_ai...
[2026-03-22 17:36:26 UTC] [quality_assessor] Regenerating: /Users/kolly/.pyenv/versions/3.12.13/bin/python3 /Users/kolly/HARBINGERHQ/scripts/agents/creative_synthesis.py --slot 3 --niche tech_ai
[2026-03-22 17:36:26 UTC] [quality_assessor] Regeneration succeeded
[2026-03-22 17:36:26 UTC] [quality_assessor] PASS — brief 'creative_brief_20260322_173626_slot3.json' passed all checks
[2026-03-22 17:36:26 UTC] [quality_assessor]   Words:   40
[2026-03-22 17:36:26 UTC] [quality_assessor]   Hook:    4 websites that feel illegal to know about in 2026.
[2026-03-22 17:36:26 UTC] [quality_assessor]   Niche:   Tech / AI Hacks
[2026-03-22 17:36:26 UTC] [quality_assessor] ============================================================
[2026-03-22 17:38:23 UTC] [quality_assessor] ============================================================
[2026-03-22 17:38:23 UTC] [quality_assessor] QUALITY ASSESSOR — SLOT 4  (max retries: 3)
[2026-03-22 17:38:23 UTC] [quality_assessor] ============================================================
[2026-03-22 17:38:23 UTC] [quality_assessor] FAIL (attempt 1/4): no recognised CTA phrase found
[2026-03-22 17:38:23 UTC] [quality_assessor] Triggering regeneration for slot 4 niche=dark_psychology...
[2026-03-22 17:38:23 UTC] [quality_assessor] Regenerating: /Users/kolly/.pyenv/versions/3.12.13/bin/python3 /Users/kolly/HARBINGERHQ/scripts/agents/creative_synthesis.py --slot 4 --niche dark_psychology
[2026-03-22 17:38:23 UTC] [quality_assessor] Regeneration succeeded
[2026-03-22 17:38:23 UTC] [quality_assessor] PASS — brief 'creative_brief_20260322_173823_slot4.json' passed all checks
[2026-03-22 17:38:23 UTC] [quality_assessor]   Words:   54
[2026-03-22 17:38:23 UTC] [quality_assessor]   Hook:    If someone mirrors your body language in the first 30 second
[2026-03-22 17:38:23 UTC] [quality_assessor]   Niche:   Dark Psychology
[2026-03-22 17:38:23 UTC] [quality_assessor] ============================================================
[2026-03-22 17:39:54 UTC] [quality_assessor] ============================================================
[2026-03-22 17:39:54 UTC] [quality_assessor] QUALITY ASSESSOR — SLOT 5  (max retries: 3)
[2026-03-22 17:39:54 UTC] [quality_assessor] ============================================================
[2026-03-22 17:39:54 UTC] [quality_assessor] PASS — brief 'creative_brief_20260322_173953_slot5.json' passed all checks
[2026-03-22 17:39:54 UTC] [quality_assessor]   Words:   57
[2026-03-22 17:39:54 UTC] [quality_assessor]   Hook:    The reason you can't stop scrolling is not boredom. It is a 
[2026-03-22 17:39:54 UTC] [quality_assessor]   Niche:   Dark Psychology
[2026-03-22 17:39:54 UTC] [quality_assessor] ============================================================
[2026-03-22 17:42:38 UTC] [quality_assessor] ============================================================
[2026-03-22 17:42:38 UTC] [quality_assessor] QUALITY ASSESSOR — SLOT 6  (max retries: 3)
[2026-03-22 17:42:38 UTC] [quality_assessor] ============================================================
[2026-03-22 17:42:38 UTC] [quality_assessor] FAIL (attempt 1/4): no recognised CTA phrase found
[2026-03-22 17:42:38 UTC] [quality_assessor] Triggering regeneration for slot 6 niche=dark_psychology...
[2026-03-22 17:42:38 UTC] [quality_assessor] Regenerating: /Users/kolly/.pyenv/versions/3.12.13/bin/python3 /Users/kolly/HARBINGERHQ/scripts/agents/creative_synthesis.py --slot 6 --niche dark_psychology
[2026-03-22 17:42:38 UTC] [quality_assessor] Regeneration succeeded
[2026-03-22 17:42:38 UTC] [quality_assessor] FAIL (attempt 2/4): no recognised CTA phrase found
[2026-03-22 17:42:38 UTC] [quality_assessor] Triggering regeneration for slot 6 niche=dark_psychology...
[2026-03-22 17:42:38 UTC] [quality_assessor] Regenerating: /Users/kolly/.pyenv/versions/3.12.13/bin/python3 /Users/kolly/HARBINGERHQ/scripts/agents/creative_synthesis.py --slot 6 --niche dark_psychology
[2026-03-22 17:42:38 UTC] [quality_assessor] Regeneration succeeded
[2026-03-22 17:42:38 UTC] [quality_assessor] PASS — brief 'creative_brief_20260322_174254_slot6.json' passed all checks
[2026-03-22 17:42:38 UTC] [quality_assessor]   Words:   51
[2026-03-22 17:42:38 UTC] [quality_assessor]   Hook:    If someone mirrors your body language in the first 30 second
[2026-03-22 17:42:38 UTC] [quality_assessor]   Niche:   Dark Psychology
[2026-03-22 17:42:38 UTC] [quality_assessor] ============================================================
[2026-03-22 17:46:25 UTC] [quality_assessor] ============================================================
[2026-03-22 17:46:25 UTC] [quality_assessor] QUALITY ASSESSOR — SLOT 7  (max retries: 3)
[2026-03-22 17:46:25 UTC] [quality_assessor] ============================================================
[2026-03-22 17:46:25 UTC] [quality_assessor] PASS — brief 'creative_brief_20260322_174624_slot7.json' passed all checks
[2026-03-22 17:46:25 UTC] [quality_assessor]   Words:   48
[2026-03-22 17:46:25 UTC] [quality_assessor]   Hook:    What if déjà vu is not a memory glitch. What if it is your b
[2026-03-22 17:46:25 UTC] [quality_assessor]   Niche:   Micro-Mysteries
[2026-03-22 17:46:25 UTC] [quality_assessor] ============================================================
[2026-03-22 17:50:52 UTC] [quality_assessor] ============================================================
[2026-03-22 17:50:52 UTC] [quality_assessor] QUALITY ASSESSOR — SLOT 8  (max retries: 3)
[2026-03-22 17:50:52 UTC] [quality_assessor] ============================================================
[2026-03-22 17:50:52 UTC] [quality_assessor] PASS — brief 'creative_brief_20260322_175050_slot8.json' passed all checks
[2026-03-22 17:50:52 UTC] [quality_assessor]   Words:   46
[2026-03-22 17:50:52 UTC] [quality_assessor]   Hook:    NASA has documented 47 radio signals from deep space that re
[2026-03-22 17:50:52 UTC] [quality_assessor]   Niche:   Micro-Mysteries
[2026-03-22 17:50:52 UTC] [quality_assessor] ============================================================
[2026-03-23 02:11:32 UTC] [quality_assessor] ============================================================
[2026-03-23 02:11:32 UTC] [quality_assessor] QUALITY ASSESSOR — SLOT 1  (max retries: 3)
[2026-03-23 02:11:32 UTC] [quality_assessor] ============================================================
[2026-03-23 02:11:32 UTC] [quality_assessor] PASS — brief 'creative_brief_20260323_021131_slot1.json' passed all checks
[2026-03-23 02:11:32 UTC] [quality_assessor]   Words:   40
[2026-03-23 02:11:32 UTC] [quality_assessor]   Hook:    How to automate your entire Monday morning using one free AI
[2026-03-23 02:11:32 UTC] [quality_assessor]   Niche:   Tech / AI Hacks
[2026-03-23 02:11:32 UTC] [quality_assessor] ============================================================
[2026-03-23 02:13:52 UTC] [quality_assessor] ============================================================
[2026-03-23 02:13:52 UTC] [quality_assessor] QUALITY ASSESSOR — SLOT 2  (max retries: 3)
[2026-03-23 02:13:52 UTC] [quality_assessor] ============================================================
[2026-03-23 02:13:52 UTC] [quality_assessor] PASS — brief 'creative_brief_20260323_021351_slot2.json' passed all checks
[2026-03-23 02:13:52 UTC] [quality_assessor]   Words:   39
[2026-03-23 02:13:52 UTC] [quality_assessor]   Hook:    That iPhone feature everyone uses is secretly selling your l
[2026-03-23 02:13:52 UTC] [quality_assessor]   Niche:   Tech / AI Hacks
[2026-03-23 02:13:52 UTC] [quality_assessor] ============================================================
[2026-03-23 02:15:04 UTC] [quality_assessor] ============================================================
[2026-03-23 02:15:04 UTC] [quality_assessor] QUALITY ASSESSOR — SLOT 3  (max retries: 3)
[2026-03-23 02:15:04 UTC] [quality_assessor] ============================================================
[2026-03-23 02:15:04 UTC] [quality_assessor] FAIL (attempt 1/4): no recognised CTA phrase found
[2026-03-23 02:15:04 UTC] [quality_assessor] Triggering regeneration for slot 3 niche=tech_ai...
[2026-03-23 02:15:04 UTC] [quality_assessor] Regenerating: /Users/kolly/.pyenv/versions/3.12.13/bin/python3 /Users/kolly/HARBINGERHQ/scripts/agents/creative_synthesis.py --slot 3 --niche tech_ai
[2026-03-23 02:15:04 UTC] [quality_assessor] Regeneration succeeded
[2026-03-23 02:15:04 UTC] [quality_assessor] FAIL (attempt 2/4): no recognised CTA phrase found
[2026-03-23 02:15:04 UTC] [quality_assessor] Triggering regeneration for slot 3 niche=tech_ai...
[2026-03-23 02:15:04 UTC] [quality_assessor] Regenerating: /Users/kolly/.pyenv/versions/3.12.13/bin/python3 /Users/kolly/HARBINGERHQ/scripts/agents/creative_synthesis.py --slot 3 --niche tech_ai
[2026-03-23 02:15:04 UTC] [quality_assessor] Regeneration succeeded
[2026-03-23 02:15:04 UTC] [quality_assessor] PASS — brief 'creative_brief_20260323_021520_slot3.json' passed all checks
[2026-03-23 02:15:04 UTC] [quality_assessor]   Words:   39
[2026-03-23 02:15:04 UTC] [quality_assessor]   Hook:    That iPhone feature everyone uses is secretly selling your l
[2026-03-23 02:15:04 UTC] [quality_assessor]   Niche:   Tech / AI Hacks
[2026-03-23 02:15:04 UTC] [quality_assessor] ============================================================
[2026-03-23 02:18:14 UTC] [quality_assessor] ============================================================
[2026-03-23 02:18:14 UTC] [quality_assessor] QUALITY ASSESSOR — SLOT 4  (max retries: 3)
[2026-03-23 02:18:14 UTC] [quality_assessor] ============================================================
[2026-03-23 02:18:14 UTC] [quality_assessor] PASS — brief 'creative_brief_20260323_021812_slot4.json' passed all checks
[2026-03-23 02:18:14 UTC] [quality_assessor]   Words:   40
[2026-03-23 02:18:14 UTC] [quality_assessor]   Hook:    If someone mirrors your body language in the first 30 second
[2026-03-23 02:18:14 UTC] [quality_assessor]   Niche:   Dark Psychology
[2026-03-23 02:18:14 UTC] [quality_assessor] ============================================================
[2026-03-23 02:20:26 UTC] [quality_assessor] ============================================================
[2026-03-23 02:20:26 UTC] [quality_assessor] QUALITY ASSESSOR — SLOT 5  (max retries: 3)
[2026-03-23 02:20:26 UTC] [quality_assessor] ============================================================
[2026-03-23 02:20:26 UTC] [quality_assessor] FAIL (attempt 1/4): no recognised CTA phrase found
[2026-03-23 02:20:26 UTC] [quality_assessor] Triggering regeneration for slot 5 niche=dark_psychology...
[2026-03-23 02:20:26 UTC] [quality_assessor] Regenerating: /Users/kolly/.pyenv/versions/3.12.13/bin/python3 /Users/kolly/HARBINGERHQ/scripts/agents/creative_synthesis.py --slot 5 --niche dark_psychology
[2026-03-23 02:20:26 UTC] [quality_assessor] Regeneration succeeded
[2026-03-23 02:20:26 UTC] [quality_assessor] PASS — brief 'creative_brief_20260323_022026_slot5.json' passed all checks
[2026-03-23 02:20:26 UTC] [quality_assessor]   Words:   49
[2026-03-23 02:20:26 UTC] [quality_assessor]   Hook:    If someone mirrors your body language in the first 30 second
[2026-03-23 02:20:26 UTC] [quality_assessor]   Niche:   Dark Psychology
[2026-03-23 02:20:26 UTC] [quality_assessor] ============================================================
[2026-03-23 02:22:35 UTC] [quality_assessor] ============================================================
[2026-03-23 02:22:35 UTC] [quality_assessor] QUALITY ASSESSOR — SLOT 6  (max retries: 3)
[2026-03-23 02:22:35 UTC] [quality_assessor] ============================================================
[2026-03-23 02:22:35 UTC] [quality_assessor] PASS — brief 'creative_brief_20260323_022233_slot6.json' passed all checks
[2026-03-23 02:22:35 UTC] [quality_assessor]   Words:   33
[2026-03-23 02:22:35 UTC] [quality_assessor]   Hook:    If someone mirrors your body language in the first 30 second
[2026-03-23 02:22:35 UTC] [quality_assessor]   Niche:   Dark Psychology
[2026-03-23 02:22:35 UTC] [quality_assessor] ============================================================
[2026-03-23 02:25:26 UTC] [quality_assessor] ============================================================
[2026-03-23 02:25:26 UTC] [quality_assessor] QUALITY ASSESSOR — SLOT 7  (max retries: 3)
[2026-03-23 02:25:26 UTC] [quality_assessor] ============================================================
[2026-03-23 02:25:26 UTC] [quality_assessor] PASS — brief 'creative_brief_20260323_022524_slot7.json' passed all checks
[2026-03-23 02:25:26 UTC] [quality_assessor]   Words:   46
[2026-03-23 02:25:26 UTC] [quality_assessor]   Hook:    The town in Norway where it is illegal to die is not a touri
[2026-03-23 02:25:26 UTC] [quality_assessor]   Niche:   Micro-Mysteries
[2026-03-23 02:25:26 UTC] [quality_assessor] ============================================================
[2026-03-23 02:28:39 UTC] [quality_assessor] ============================================================
[2026-03-23 02:28:39 UTC] [quality_assessor] QUALITY ASSESSOR — SLOT 8  (max retries: 3)
[2026-03-23 02:28:39 UTC] [quality_assessor] ============================================================
[2026-03-23 02:28:39 UTC] [quality_assessor] PASS — brief 'creative_brief_20260323_022824_slot8.json' passed all checks
[2026-03-23 02:28:39 UTC] [quality_assessor]   Words:   49
[2026-03-23 02:28:39 UTC] [quality_assessor]   Hook:    What if déjà vu is not a memory glitch. What if it is your b
[2026-03-23 02:28:39 UTC] [quality_assessor]   Niche:   Micro-Mysteries
[2026-03-23 02:28:39 UTC] [quality_assessor] ============================================================
